0 info it worked if it ends with ok
1 verbose cli [
1 verbose cli   '/usr/local/bin/node',
1 verbose cli   '/usr/local/bin/npm',
1 verbose cli   'install',
1 verbose cli   '--package-lock-only'
1 verbose cli ]
2 info using npm@6.14.16
3 info using node@v12.22.12
4 verbose npm-session 0af4f5b84ea5d3b6
5 silly install runPreinstallTopLevelLifecycles
6 silly preinstall market-reporter-admin@0.1.0
7 info lifecycle market-reporter-admin@0.1.0~preinstall: market-reporter-admin@0.1.0
8 silly install loadCurrentTree
9 silly install readLocalPackageData
10 timing stage:loadCurrentTree Completed in 364ms
11 silly install loadIdealTree
12 silly install cloneCurrentTreeToIdealTree
13 timing stage:loadIdealTree:cloneCurrentTree Completed in 2ms
14 silly install loadShrinkwrap
15 warn read-shrinkwrap This version of npm is compatible with lockfileVersion@1, but package-lock.json was generated for lockfileVersion@3. I'll try to do my best with it!
16 timing stage:loadIdealTree:loadShrinkwrap Completed in 96ms
17 silly install loadAllDepsIntoIdealTree
18 silly fetchPackageMetaData error for @radix-ui/react-select@^2.1.1 request to https://registry.npmjs.org/@radix-ui%2freact-select failed, reason: getaddrinfo ENOTFOUND registry.npmjs.org
19 silly fetchPackageMetaData error for @radix-ui/react-label@^2.1.0 request to https://registry.npmjs.org/@radix-ui%2freact-label failed, reason: getaddrinfo ENOTFOUND registry.npmjs.org
20 silly removeObsoleteDep removing @radix-ui/react-separator@1.1.8 from the tree as its been replaced by a newer version or is no longer required
21 silly removeObsoleteDep removing @radix-ui/react-primitive@2.1.4 from the tree as its been replaced by a newer version or is no longer required
22 silly removeObsoleteDep removing @radix-ui/react-slot@1.2.4 from the tree as its been replaced by a newer version or is no longer required
23 silly removeObsoleteDep removing @radix-ui/react-tabs@1.1.13 from the tree as its been replaced by a newer version or is no longer required
24 silly removeObsoleteDep removing @radix-ui/react-primitive@2.1.3 from the tree as its been replaced by a newer version or is no longer required
25 silly removeObsoleteDep removing @radix-ui/react-slot@1.2.3 from the tree as its been replaced by a newer version or is no longer required
26 silly removeObsoleteDep removing @radix-ui/react-presence@1.1.5 from the tree as its been replaced by a newer version or is no longer required
27 silly removeObsoleteDep removing @radix-ui/react-roving-focus@1.1.11 from the tree as its been replaced by a newer version or is no longer required
28 silly removeObsoleteDep removing @radix-ui/primitive@1.1.3 from the tree as its been replaced by a newer version or is no longer required
29 silly removeObsoleteDep removing @radix-ui/react-collection@1.1.7 from the tree as its been replaced by a newer version or is no longer required
30 silly removeObsoleteDep removing @radix-ui/react-compose-refs@1.1.2 from the tree as its been replaced by a newer version or is no longer required
31 silly removeObsoleteDep removing @radix-ui/react-context@1.1.2 from the tree as its been replaced by a newer version or is no longer required
32 silly removeObsoleteDep removing @radix-ui/react-primitive@2.1.3 from the tree as its been replaced by a newer version or is no longer required
33 silly removeObsoleteDep removing @radix-ui/react-slot@1.2.3 from the tree as its been replaced by a newer version or is no longer required
34 silly removeObsoleteDep removing @radix-ui/react-id@1.1.1 from the tree as its been replaced by a newer version or is no longer required
35 silly removeObsoleteDep removing @radix-ui/react-direction@1.1.1 from the tree as its been replaced by a newer version or is no longer required
36 silly removeObsoleteDep removing @radix-ui/react-primitive@2.1.3 from the tree as its been replaced by a newer version or is no longer required
37 silly removeObsoleteDep removing @radix-ui/react-slot@1.2.3 from the tree as its been replaced by a newer version or is no longer required
38 silly removeObsoleteDep removing @radix-ui/react-use-callback-ref@1.1.1 from the tree as its been replaced by a newer version or is no longer required
39 silly removeObsoleteDep removing @radix-ui/react-use-controllable-state@1.2.2 from the tree as its been replaced by a newer version or is no longer required
40 silly removeObsoleteDep removing @radix-ui/react-use-effect-event@0.0.2 from the tree as its been replaced by a newer version or is no longer required
41 silly removeObsoleteDep removing @radix-ui/react-use-layout-effect@1.1.1 from the tree as its been replaced by a newer version or is no longer required
42 silly removeObsoleteDep removing @tanstack/react-query@5.90.20 from the tree as its been replaced by a newer version or is no longer required
43 silly removeObsoleteDep removing @tanstack/query-core@5.90.20 from the tree as its been replaced by a newer version or is no longer required
44 silly removeObsoleteDep removing class-variance-authority@0.7.1 from the tree as its been replaced by a newer version or is no longer required
45 silly removeObsoleteDep removing clsx@2.1.1 from the tree as its been replaced by a newer version or is no longer required
46 silly removeObsoleteDep removing lightweight-charts@4.2.3 from the tree as its been replaced by a newer version or is no longer required
47 silly removeObsoleteDep removing fancy-canvas@2.1.0 from the tree as its been replaced by a newer version or is no longer required
48 silly removeObsoleteDep removing lucide-react@0.445.0 from the tree as its been replaced by a newer version or is no longer required
49 silly removeObsoleteDep removing react@18.3.1 from the tree as its been replaced by a newer version or is no longer required
50 silly removeObsoleteDep removing react-dom@18.3.1 from the tree as its been replaced by a newer version or is no longer required
51 silly removeObsoleteDep removing scheduler@0.23.2 from the tree as its been replaced by a newer version or is no longer required
52 silly removeObsoleteDep removing loose-envify@1.4.0 from the tree as its been replaced by a newer version or is no longer required
53 silly removeObsoleteDep removing tailwind-merge@2.6.1 from the tree as its been replaced by a newer version or is no longer required
54 silly removeObsoleteDep removing zod@3.25.76 from the tree as its been replaced by a newer version or is no longer required
55 silly fetchPackageMetaData error for @radix-ui/react-label@^2.1.0 request to https://registry.npmjs.org/@radix-ui%2freact-label failed, reason: getaddrinfo ENOTFOUND registry.npmjs.org
56 silly fetchPackageMetaData error for @radix-ui/react-select@^2.1.1 request to https://registry.npmjs.org/@radix-ui%2freact-select failed, reason: getaddrinfo ENOTFOUND registry.npmjs.org
57 silly fetchPackageMetaData error for @radix-ui/react-separator@1.1.8 request to https://registry.npmjs.org/@radix-ui%2freact-separator failed, reason: getaddrinfo ENOTFOUND registry.npmjs.org
58 silly fetchPackageMetaData error for @radix-ui/react-slot@1.2.4 request to https://registry.npmjs.org/@radix-ui%2freact-slot failed, reason: getaddrinfo ENOTFOUND registry.npmjs.org
59 silly fetchPackageMetaData error for @radix-ui/react-tabs@1.1.13 request to https://registry.npmjs.org/@radix-ui%2freact-tabs failed, reason: getaddrinfo ENOTFOUND registry.npmjs.org
60 silly fetchPackageMetaData error for @tanstack/react-query@5.90.20 request to https://registry.npmjs.org/@tanstack%2freact-query failed, reason: getaddrinfo ENOTFOUND registry.npmjs.org
61 silly fetchPackageMetaData error for class-variance-authority@0.7.1 request to https://registry.npmjs.org/class-variance-authority failed, reason: getaddrinfo ENOTFOUND registry.npmjs.org
62 silly fetchPackageMetaData error for clsx@2.1.1 request to https://registry.npmjs.org/clsx failed, reason: getaddrinfo ENOTFOUND registry.npmjs.org
63 silly fetchPackageMetaData error for lightweight-charts@4.2.3 request to https://registry.npmjs.org/lightweight-charts failed, reason: getaddrinfo ENOTFOUND registry.npmjs.org
64 silly fetchPackageMetaData error for lucide-react@0.445.0 request to https://registry.npmjs.org/lucide-react failed, reason: getaddrinfo ENOTFOUND registry.npmjs.org
65 silly fetchPackageMetaData error for react@18.3.1 request to https://registry.npmjs.org/react failed, reason: getaddrinfo ENOTFOUND registry.npmjs.org
66 silly fetchPackageMetaData error for react-dom@18.3.1 request to https://registry.npmjs.org/react-dom failed, reason: getaddrinfo ENOTFOUND registry.npmjs.org
67 silly fetchPackageMetaData error for tailwind-merge@2.6.1 request to https://registry.npmjs.org/tailwind-merge failed, reason: getaddrinfo ENOTFOUND registry.npmjs.org
68 silly fetchPackageMetaData error for zod@3.25.76 request to https://registry.npmjs.org/zod failed, reason: getaddrinfo ENOTFOUND registry.npmjs.org
69 verbose type system
70 verbose stack FetchError: request to https://registry.npmjs.org/@radix-ui%2freact-label failed, reason: getaddrinfo ENOTFOUND registry.npmjs.org
70 verbose stack     at ClientRequest.<anonymous> (/usr/local/lib/node_modules/npm/node_modules/node-fetch-npm/src/index.js:68:14)
70 verbose stack     at ClientRequest.emit (events.js:314:20)
70 verbose stack     at TLSSocket.socketErrorListener (_http_client.js:427:9)
70 verbose stack     at TLSSocket.emit (events.js:314:20)
70 verbose stack     at emitErrorNT (internal/streams/destroy.js:92:8)
70 verbose stack     at emitErrorAndCloseNT (internal/streams/destroy.js:60:3)
70 verbose stack     at processTicksAndRejections (internal/process/task_queues.js:84:21)
71 verbose cwd /Users/miracle/workspace/project/github/stocks-anaylsis/frontend
72 verbose Darwin 25.2.0
73 verbose argv "/usr/local/bin/node" "/usr/local/bin/npm" "install" "--package-lock-only"
74 verbose node v12.22.12
75 verbose npm  v6.14.16
76 error code ENOTFOUND
77 error errno ENOTFOUND
78 error network request to https://registry.npmjs.org/@radix-ui%2freact-label failed, reason: getaddrinfo ENOTFOUND registry.npmjs.org
79 error network This is a problem related to network connectivity.
79 error network In most cases you are behind a proxy or have bad network settings.
79 error network
79 error network If you are behind a proxy, please make sure that the
79 error network 'proxy' config is set properly.  See: 'npm help config'
80 verbose exit [ 1, true ]
